0 info it worked if it ends with ok
1 verbose cli [ 'C:\\Program Files\\nodejs\\node.exe',
1 verbose cli   'C:\\Program Files\\nodejs\\node_modules\\npm\\bin\\npm-cli.js',
1 verbose cli   'run',
1 verbose cli   'monitor' ]
2 info using npm@3.10.9
3 info using node@v7.2.0
4 verbose run-script [ 'premonitor', 'monitor', 'postmonitor' ]
5 info lifecycle traffic-control@0.0.1~premonitor: traffic-control@0.0.1
6 silly lifecycle traffic-control@0.0.1~premonitor: no script for premonitor, continuing
7 info lifecycle traffic-control@0.0.1~monitor: traffic-control@0.0.1
8 verbose lifecycle traffic-control@0.0.1~monitor: unsafe-perm in lifecycle true
9 verbose lifecycle traffic-control@0.0.1~monitor: PATH: C:\Program Files\nodejs\node_modules\npm\bin\node-gyp-bin;C:\dev\Projects\TrafficControl\node_modules\.bin;C:\dev\Tools\conemu\ConEmu\Scripts;C:\dev\Tools\conemu;C:\dev\Tools\conemu\ConEmu;C:\Python27\;C:\Python27\Scripts;C:\Program Files\Docker\Docker\Resources\bin;C:\ProgramData\Oracle\Java\javapath;C:\Program Files\Ruby23-x64\bin;C:\WINDOWS\system32;C:\WINDOWS;C:\WINDOWS\System32\Wbem;C:\WINDOWS\System32\WindowsPowerShell\v1.0\;C:\Program Files\Git\cmd;C:\Program Files\nodejs\;C:\Program Files\MiKTeX 2.9\miktex\bin\x64\;C:\Program Files\MATLAB\R2016b\bin;C:\ProgramData\chocolatey\bin;C:\Program Files (x86)\Windows Kits\10\Windows Performance Toolkit\;C:\Program Files\dotnet\;C:\Program Files (x86)\GtkSharp\2.12\bin;C:\Program Files (x86)\Skype\Phone\;C:\HashiCorp\Vagrant\bin;C:\Program Files (x86)\NVIDIA Corporation\PhysX\Common;C:\Strawberry\c\bin;C:\Strawberry\perl\site\bin;C:\Strawberry\perl\bin;C:\WINDOWS\system32;C:\WINDOWS;C:\WINDOWS\System32\Wbem;C:\WINDOWS\System32\WindowsPowerShell\v1.0\;C:\Program Files\LLVM\bin;C:\Users\Keith\.cargo\bin;C:\Users\Keith\AppData\Local\Microsoft\WindowsApps;C:\Users\Keith\AppData\Roaming\npm;c:\dev;c:\dev\tools;C:\dev\tools\7-zip;C:\dev\tools\7-zip\bin;C:\dev\tools\colorizedDir;C:\dev\tools\colorizedDir\bin;C:\dev\tools\conemu;C:\dev\tools\conemu\bin;C:\dev\tools\emacs;C:\dev\tools\emacs\bin;C:\dev\tools\ethminer-0.9.41-genoil-1.1.7;C:\dev\tools\ethminer-0.9.41-genoil-1.1.7\bin;C:\dev\tools\ffmpeg;C:\dev\tools\ffmpeg\bin;C:\dev\tools\latexmk;C:\dev\tools\latexmk\bin;C:\dev\tools\putty;C:\dev\tools\putty\bin;C:\dev\tools\Sysinternals;C:\dev\tools\Sysinternals\bin;C:\dev\tools\winpty;C:\dev\tools\winpty\bin;c:\dev\Projects\PersonalDatabase\bin;c:\Python27;c:\Python27\scripts;C:\Users\Keith\AppData\Roaming\npm;c:\Program Files (x86)\Microsoft\ILMerge;c:\Program Files\java\jre1.8.0_91\bin;C:\Program Files (x86)\PICO-8;C:\texlive\2016\bin\win32;c:\users\keith\AppData\Local\Android\Sdk\platform-tools\;C:\Program Files\Racket;c:\Program Files (x86)\GnuWin32\bin;c:\Program Files (x86)\Aspell\bin;c:\Program Files\Geth\
10 verbose lifecycle traffic-control@0.0.1~monitor: CWD: C:\dev\Projects\TrafficControl
11 silly lifecycle traffic-control@0.0.1~monitor: Args: [ '/d /s /c', 'node scripts/electron-watch.ts' ]
12 silly lifecycle traffic-control@0.0.1~monitor: Returned: code: 1  signal: null
13 info lifecycle traffic-control@0.0.1~monitor: Failed to exec monitor script
14 verbose stack Error: traffic-control@0.0.1 monitor: `node scripts/electron-watch.ts`
14 verbose stack Exit status 1
14 verbose stack     at EventEmitter.<anonymous> (C:\Program Files\nodejs\node_modules\npm\lib\utils\lifecycle.js:255:16)
14 verbose stack     at emitTwo (events.js:106:13)
14 verbose stack     at EventEmitter.emit (events.js:191:7)
14 verbose stack     at ChildProcess.<anonymous> (C:\Program Files\nodejs\node_modules\npm\lib\utils\spawn.js:40:14)
14 verbose stack     at emitTwo (events.js:106:13)
14 verbose stack     at ChildProcess.emit (events.js:191:7)
14 verbose stack     at maybeClose (internal/child_process.js:885:16)
14 verbose stack     at Process.ChildProcess._handle.onexit (internal/child_process.js:226:5)
15 verbose pkgid traffic-control@0.0.1
16 verbose cwd C:\dev\Projects\TrafficControl\scripts
17 error Windows_NT 10.0.16294
18 error argv "C:\\Program Files\\nodejs\\node.exe" "C:\\Program Files\\nodejs\\node_modules\\npm\\bin\\npm-cli.js" "run" "monitor"
19 error node v7.2.0
20 error npm  v3.10.9
21 error code ELIFECYCLE
22 error traffic-control@0.0.1 monitor: `node scripts/electron-watch.ts`
22 error Exit status 1
23 error Failed at the traffic-control@0.0.1 monitor script 'node scripts/electron-watch.ts'.
23 error Make sure you have the latest version of node.js and npm installed.
23 error If you do, this is most likely a problem with the traffic-control package,
23 error not with npm itself.
23 error Tell the author that this fails on your system:
23 error     node scripts/electron-watch.ts
23 error You can get information on how to open an issue for this project with:
23 error     npm bugs traffic-control
23 error Or if that isn't available, you can get their info via:
23 error     npm owner ls traffic-control
23 error There is likely additional logging output above.
24 verbose exit [ 1, true ]
